<?xml version="1.0" encoding="UTF-8"?>
<!-- Generated by org.testng.reporters.JUnitXMLReporter -->
<testsuite hostname="DESKTOP-JJLHAVM" name="Landing Page Tests" tests="2" failures="0" timestamp="5 Mar 2020 01:29:22 GMT" time="14.452" errors="0">
  <testcase name="verifyTitleOfTheLandingPage" time="0.029" classname="com.selenium.rediff.landingpage.RediffLandingPageValidation"/>
  <testcase name="verifyUrlOfLandingPage" time="0.014" classname="com.selenium.rediff.landingpage.RediffLandingPageValidation"/>
</testsuite> <!-- Landing Page Tests -->
